<?xml version="1.0" encoding="UTF-8"?>
<testsuite xmlns:xsi="http://www.w3.org/2001/XMLSchema-instance" xsi:noNamespaceSchemaLocation="https://maven.apache.org/surefire/maven-surefire-plugin/xsd/surefire-test-report.xsd" name="TestSuite" time="4.506" tests="10" errors="0" skipped="0" failures="0">
  <properties>
    <property name="java.specification.version" value="14"/>
    <property name="sun.jnu.encoding" value="UTF-8"/>
    <property name="java.class.path" value="/Users/brayan.ulloa/Documents/Automation/api_testing/api_testing_java/target/test-classes:/Users/brayan.ulloa/Documents/Automation/api_testing/api_testing_java/target/classes:/Users/brayan.ulloa/.m2/repository/io/rest-assured/rest-assured/4.3.0/rest-assured-4.3.0.jar:/Users/brayan.ulloa/.m2/repository/org/codehaus/groovy/groovy/3.0.2/groovy-3.0.2.jar:/Users/brayan.ulloa/.m2/repository/org/codehaus/groovy/groovy-xml/3.0.2/groovy-xml-3.0.2.jar:/Users/brayan.ulloa/.m2/repository/org/apache/httpcomponents/httpclient/4.5.3/httpclient-4.5.3.jar:/Users/brayan.ulloa/.m2/repository/org/apache/httpcomponents/httpcore/4.4.6/httpcore-4.4.6.jar:/Users/brayan.ulloa/.m2/repository/commons-logging/commons-logging/1.2/commons-logging-1.2.jar:/Users/brayan.ulloa/.m2/repository/commons-codec/commons-codec/1.9/commons-codec-1.9.jar:/Users/brayan.ulloa/.m2/repository/org/apache/httpcomponents/httpmime/4.5.3/httpmime-4.5.3.jar:/Users/brayan.ulloa/.m2/repository/org/hamcrest/hamcrest/2.1/hamcrest-2.1.jar:/Users/brayan.ulloa/.m2/repository/org/ccil/cowan/tagsoup/tagsoup/1.2.1/tagsoup-1.2.1.jar:/Users/brayan.ulloa/.m2/repository/io/rest-assured/json-path/4.3.0/json-path-4.3.0.jar:/Users/brayan.ulloa/.m2/repository/org/codehaus/groovy/groovy-json/3.0.2/groovy-json-3.0.2.jar:/Users/brayan.ulloa/.m2/repository/io/rest-assured/rest-assured-common/4.3.0/rest-assured-common-4.3.0.jar:/Users/brayan.ulloa/.m2/repository/io/rest-assured/xml-path/4.3.0/xml-path-4.3.0.jar:/Users/brayan.ulloa/.m2/repository/org/apache/commons/commons-lang3/3.4/commons-lang3-3.4.jar:/Users/brayan.ulloa/.m2/repository/jakarta/xml/bind/jakarta.xml.bind-api/2.3.2/jakarta.xml.bind-api-2.3.2.jar:/Users/brayan.ulloa/.m2/repository/jakarta/activation/jakarta.activation-api/1.2.1/jakarta.activation-api-1.2.1.jar:/Users/brayan.ulloa/.m2/repository/com/sun/xml/bind/jaxb-osgi/2.3.0.1/jaxb-osgi-2.3.0.1.jar:/Users/brayan.ulloa/.m2/repository/org/apache/sling/org.apache.sling.javax.activation/0.1.0/org.apache.sling.javax.activation-0.1.0.jar:/Users/brayan.ulloa/.m2/repository/javax/activation/activation/1.1.1/activation-1.1.1.jar:/Users/brayan.ulloa/.m2/repository/com/googlecode/json-simple/json-simple/1.1.1/json-simple-1.1.1.jar:/Users/brayan.ulloa/.m2/repository/junit/junit/4.10/junit-4.10.jar:/Users/brayan.ulloa/.m2/repository/org/hamcrest/hamcrest-core/1.1/hamcrest-core-1.1.jar:/Users/brayan.ulloa/.m2/repository/org/testng/testng/6.14.3/testng-6.14.3.jar:/Users/brayan.ulloa/.m2/repository/com/beust/jcommander/1.72/jcommander-1.72.jar:/Users/brayan.ulloa/.m2/repository/org/apache-extras/beanshell/bsh/2.0b6/bsh-2.0b6.jar:/Users/brayan.ulloa/.m2/repository/org/uncommons/reportng/1.1.4/reportng-1.1.4.jar:/Users/brayan.ulloa/.m2/repository/velocity/velocity/1.4/velocity-1.4.jar:/Users/brayan.ulloa/.m2/repository/velocity/velocity-dep/1.4/velocity-dep-1.4.jar:/Users/brayan.ulloa/.m2/repository/com/google/code/gson/gson/2.8.0/gson-2.8.0.jar:/Users/brayan.ulloa/.m2/repository/org/assertj/assertj-core/3.11.1/assertj-core-3.11.1.jar:/Users/brayan.ulloa/.m2/repository/javax/xml/ws/jaxws-api/2.3.0/jaxws-api-2.3.0.jar:/Users/brayan.ulloa/.m2/repository/javax/xml/bind/jaxb-api/2.3.0/jaxb-api-2.3.0.jar:/Users/brayan.ulloa/.m2/repository/javax/xml/soap/javax.xml.soap-api/1.4.0/javax.xml.soap-api-1.4.0.jar:"/>
    <property name="java.vm.vendor" value="Oracle Corporation"/>
    <property name="sun.arch.data.model" value="64"/>
    <property name="java.vendor.url" value="https://openjdk.java.net/"/>
    <property name="os.name" value="Mac OS X"/>
    <property name="java.vm.specification.version" value="14"/>
    <property name="sun.java.launcher" value="SUN_STANDARD"/>
    <property name="user.country" value="CR"/>
    <property name="sun.boot.library.path" value="/usr/local/Cellar/openjdk/14.0.1/libexec/openjdk.jdk/Contents/Home/lib"/>
    <property name="sun.java.command" value="/Users/brayan.ulloa/Documents/Automation/api_testing/api_testing_java/target/surefire/surefirebooter16989796690180703862.jar /Users/brayan.ulloa/Documents/Automation/api_testing/api_testing_java/target/surefire 2021-03-26T13-24-04_803-jvmRun1 surefire6663665010614832580tmp surefire_012688634771644912589tmp"/>
    <property name="http.nonProxyHosts" value="local|*.local|169.254/16|*.169.254/16"/>
    <property name="jdk.debug" value="release"/>
    <property name="surefire.test.class.path" value="/Users/brayan.ulloa/Documents/Automation/api_testing/api_testing_java/target/test-classes:/Users/brayan.ulloa/Documents/Automation/api_testing/api_testing_java/target/classes:/Users/brayan.ulloa/.m2/repository/io/rest-assured/rest-assured/4.3.0/rest-assured-4.3.0.jar:/Users/brayan.ulloa/.m2/repository/org/codehaus/groovy/groovy/3.0.2/groovy-3.0.2.jar:/Users/brayan.ulloa/.m2/repository/org/codehaus/groovy/groovy-xml/3.0.2/groovy-xml-3.0.2.jar:/Users/brayan.ulloa/.m2/repository/org/apache/httpcomponents/httpclient/4.5.3/httpclient-4.5.3.jar:/Users/brayan.ulloa/.m2/repository/org/apache/httpcomponents/httpcore/4.4.6/httpcore-4.4.6.jar:/Users/brayan.ulloa/.m2/repository/commons-logging/commons-logging/1.2/commons-logging-1.2.jar:/Users/brayan.ulloa/.m2/repository/commons-codec/commons-codec/1.9/commons-codec-1.9.jar:/Users/brayan.ulloa/.m2/repository/org/apache/httpcomponents/httpmime/4.5.3/httpmime-4.5.3.jar:/Users/brayan.ulloa/.m2/repository/org/hamcrest/hamcrest/2.1/hamcrest-2.1.jar:/Users/brayan.ulloa/.m2/repository/org/ccil/cowan/tagsoup/tagsoup/1.2.1/tagsoup-1.2.1.jar:/Users/brayan.ulloa/.m2/repository/io/rest-assured/json-path/4.3.0/json-path-4.3.0.jar:/Users/brayan.ulloa/.m2/repository/org/codehaus/groovy/groovy-json/3.0.2/groovy-json-3.0.2.jar:/Users/brayan.ulloa/.m2/repository/io/rest-assured/rest-assured-common/4.3.0/rest-assured-common-4.3.0.jar:/Users/brayan.ulloa/.m2/repository/io/rest-assured/xml-path/4.3.0/xml-path-4.3.0.jar:/Users/brayan.ulloa/.m2/repository/org/apache/commons/commons-lang3/3.4/commons-lang3-3.4.jar:/Users/brayan.ulloa/.m2/repository/jakarta/xml/bind/jakarta.xml.bind-api/2.3.2/jakarta.xml.bind-api-2.3.2.jar:/Users/brayan.ulloa/.m2/repository/jakarta/activation/jakarta.activation-api/1.2.1/jakarta.activation-api-1.2.1.jar:/Users/brayan.ulloa/.m2/repository/com/sun/xml/bind/jaxb-osgi/2.3.0.1/jaxb-osgi-2.3.0.1.jar:/Users/brayan.ulloa/.m2/repository/org/apache/sling/org.apache.sling.javax.activation/0.1.0/org.apache.sling.javax.activation-0.1.0.jar:/Users/brayan.ulloa/.m2/repository/javax/activation/activation/1.1.1/activation-1.1.1.jar:/Users/brayan.ulloa/.m2/repository/com/googlecode/json-simple/json-simple/1.1.1/json-simple-1.1.1.jar:/Users/brayan.ulloa/.m2/repository/junit/junit/4.10/junit-4.10.jar:/Users/brayan.ulloa/.m2/repository/org/hamcrest/hamcrest-core/1.1/hamcrest-core-1.1.jar:/Users/brayan.ulloa/.m2/repository/org/testng/testng/6.14.3/testng-6.14.3.jar:/Users/brayan.ulloa/.m2/repository/com/beust/jcommander/1.72/jcommander-1.72.jar:/Users/brayan.ulloa/.m2/repository/org/apache-extras/beanshell/bsh/2.0b6/bsh-2.0b6.jar:/Users/brayan.ulloa/.m2/repository/org/uncommons/reportng/1.1.4/reportng-1.1.4.jar:/Users/brayan.ulloa/.m2/repository/velocity/velocity/1.4/velocity-1.4.jar:/Users/brayan.ulloa/.m2/repository/velocity/velocity-dep/1.4/velocity-dep-1.4.jar:/Users/brayan.ulloa/.m2/repository/com/google/code/gson/gson/2.8.0/gson-2.8.0.jar:/Users/brayan.ulloa/.m2/repository/org/assertj/assertj-core/3.11.1/assertj-core-3.11.1.jar:/Users/brayan.ulloa/.m2/repository/javax/xml/ws/jaxws-api/2.3.0/jaxws-api-2.3.0.jar:/Users/brayan.ulloa/.m2/repository/javax/xml/bind/jaxb-api/2.3.0/jaxb-api-2.3.0.jar:/Users/brayan.ulloa/.m2/repository/javax/xml/soap/javax.xml.soap-api/1.4.0/javax.xml.soap-api-1.4.0.jar:"/>
    <property name="sun.cpu.endian" value="little"/>
    <property name="user.home" value="/Users/brayan.ulloa"/>
    <property name="user.language" value="en"/>
    <property name="java.specification.vendor" value="Oracle Corporation"/>
    <property name="java.version.date" value="2020-04-14"/>
    <property name="java.home" value="/usr/local/Cellar/openjdk/14.0.1/libexec/openjdk.jdk/Contents/Home"/>
    <property name="file.separator" value="/"/>
    <property name="basedir" value="/Users/brayan.ulloa/Documents/Automation/api_testing/api_testing_java"/>
    <property name="java.vm.compressedOopsMode" value="Zero based"/>
    <property name="TestNGFile" value="ParallelRun.xml"/>
    <property name="line.separator" value="&#10;"/>
    <property name="java.specification.name" value="Java Platform API Specification"/>
    <property name="java.vm.specification.vendor" value="Oracle Corporation"/>
    <property name="surefire.real.class.path" value="/Users/brayan.ulloa/Documents/Automation/api_testing/api_testing_java/target/surefire/surefirebooter16989796690180703862.jar"/>
    <property name="sun.management.compiler" value="HotSpot 64-Bit Tiered Compilers"/>
    <property name="ftp.nonProxyHosts" value="local|*.local|169.254/16|*.169.254/16"/>
    <property name="java.runtime.version" value="14.0.1+14"/>
    <property name="user.name" value="brayan.ulloa"/>
    <property name="path.separator" value=":"/>
    <property name="os.version" value="10.15.7"/>
    <property name="java.runtime.name" value="OpenJDK Runtime Environment"/>
    <property name="file.encoding" value="UTF-8"/>
    <property name="java.vm.name" value="OpenJDK 64-Bit Server VM"/>
    <property name="localRepository" value="/Users/brayan.ulloa/.m2/repository"/>
    <property name="java.vendor.url.bug" value="https://bugreport.java.com/bugreport/"/>
    <property name="java.io.tmpdir" value="/var/folders/_y/mr7yn985221c1qp1yfy9x8pc0000gp/T/"/>
    <property name="java.version" value="14.0.1"/>
    <property name="user.dir" value="/Users/brayan.ulloa/Documents/Automation/api_testing/api_testing_java"/>
    <property name="os.arch" value="x86_64"/>
    <property name="java.vm.specification.name" value="Java Virtual Machine Specification"/>
    <property name="java.library.path" value="/Users/brayan.ulloa/Library/Java/Extensions:/Library/Java/Extensions:/Network/Library/Java/Extensions:/System/Library/Java/Extensions:/usr/lib/java:."/>
    <property name="java.vm.info" value="mixed mode, sharing"/>
    <property name="java.vendor" value="N/A"/>
    <property name="java.vm.version" value="14.0.1+14"/>
    <property name="sun.io.unicode.encoding" value="UnicodeBig"/>
    <property name="socksNonProxyHosts" value="local|*.local|169.254/16|*.169.254/16"/>
    <property name="java.class.version" value="58.0"/>
  </properties>
  <testcase name="LoginSuccessful" classname="tests.Login" time="0.803"/>
  <testcase name="CreateUser" classname="tests.User" time="1.015"/>
  <testcase name="RegistrationSuccessful" classname="tests.Register" time="1.015"/>
  <testcase name="GetListOfUsers" classname="tests.User" time="0.202"/>
  <testcase name="RegistrationUnsuccessful" classname="tests.Register" time="0.27"/>
  <testcase name="PatchUpdateUser" classname="tests.User" time="0.484"/>
  <testcase name="UpdateUser" classname="tests.User" time="0.477"/>
  <testcase name="VerifyResponseTime" classname="tests.User" time="0.207"/>
  <testcase name="VerifyUserEmail" classname="tests.User" time="0.559"/>
  <testcase name="deleteUser" classname="tests.User" time="0.523"/>
</testsuite>