<?xml version="1.0" encoding="UTF-8"?>
<!-- Generated by org.testng.reporters.JUnitReportReporter -->
<testsuite hostname="Brayan-Ulloa-MacBook-Pro.local" failures="0" tests="1" name="tests.Login" time="0.803" errors="0" timestamp="26 Mar 2021 19:24:09 GMT" skipped="0">
  <testcase classname="tests.Login" name="LoginSuccessful" time="0.803"/>
</testsuite> <!-- tests.Login -->
