<?xml version="1.0" encoding="UTF-8"?>
<!-- Generated by org.testng.reporters.JUnitReportReporter -->
<testsuite hostname="Brayan-Ulloa-MacBook-Pro.local" failures="0" tests="2" name="tests.Register" time="1.489" errors="0" timestamp="26 Mar 2021 19:24:09 GMT" skipped="0">
  <testcase classname="tests.Register" name="RegistrationSuccessful" time="1.016"/>
  <testcase classname="tests.Register" name="RegistrationUnsuccessful" time="0.473"/>
</testsuite> <!-- tests.Register -->
