<?xml version="1.0" encoding="UTF-8"?>
<!-- Generated by org.testng.reporters.JUnitReportReporter -->
<testsuite hostname="Brayan-Ulloa-MacBook-Pro.local" failures="0" tests="7" name="tests.User" time="3.467" errors="0" timestamp="26 Mar 2021 19:24:09 GMT" skipped="0">
  <testcase classname="tests.User" name="GetListOfUsers" time="0.203"/>
  <testcase classname="tests.User" name="PatchUpdateUser" time="0.485"/>
  <testcase classname="tests.User" name="UpdateUser" time="0.476"/>
  <testcase classname="tests.User" name="VerifyResponseTime" time="0.206"/>
  <testcase classname="tests.User" name="VerifyUserEmail" time="0.558"/>
  <testcase classname="tests.User" name="CreateUser" time="1.016"/>
  <testcase classname="tests.User" name="deleteUser" time="0.523"/>
</testsuite> <!-- tests.User -->
